<?xml version="1.0" encoding="utf-8" standalone="no"?>
<!--This file represents the results of running a test suite-->
<test-results name="c:\Projects\Git\Beacon\tests\Beacon.Tests\bin\Release\Beacon.Tests.dll" total="1" errors="0" failures="0" not-run="0" inconclusive="0" ignored="0" skipped="0" invalid="0" date="2015-06-30" time="19:57:25">
  <environment nunit-version="2.6.4.14350" clr-version="2.0.50727.8009" os-version="Microsoft Windows NT 6.2.9200.0" platform="Win32NT" cwd="c:\Projects\Git\Beacon" machine-name="PC439" user="ralsing" user-domain="GROUP" />
  <culture-info current-culture="sv-SE" current-uiculture="en-GB" />
  <test-suite type="Assembly" name="c:\Projects\Git\Beacon\tests\Beacon.Tests\bin\Release\Beacon.Tests.dll" executed="True" result="Success" success="True" time="0.071" asserts="0">
    <results>
      <test-suite type="Namespace" name="Beacon" executed="True" result="Success" success="True" time="0.063" asserts="0">
        <results>
          <test-suite type="TestFixture" name="Tests" executed="True" result="Success" success="True" time="0.063" asserts="0">
            <results>
              <test-case name="Beacon.Tests.hello returns 42" executed="True" result="Success" success="True" time="0.057" asserts="1" />
            </results>
          </test-suite>
        </results>
      </test-suite>
    </results>
  </test-suite>
</test-results>